c:\users\mat\source\repos\portlotniczy\portlotniczy\debug\lot.obj
c:\users\mat\source\repos\portlotniczy\portlotniczy\debug\spis_loty.obj
c:\users\mat\source\repos\portlotniczy\portlotniczy\debug\qrc_portlotniczy.obj
c:\users\mat\source\repos\portlotniczy\portlotniczy\debug\main.obj
c:\users\mat\source\repos\portlotniczy\portlotniczy\debug\portlotniczy.obj
c:\users\mat\source\repos\portlotniczy\portlotniczy\debug\infornacje.obj
c:\users\mat\source\repos\portlotniczy\portlotniczy\debug\moc_portlotniczy.obj
c:\users\mat\source\repos\portlotniczy\portlotniczy\debug\vc141.pdb
c:\users\mat\source\repos\portlotniczy\win32\debug\portlotniczy.exe
c:\users\mat\source\repos\portlotniczy\win32\debug\portlotniczy.ilk
c:\users\mat\source\repos\portlotniczy\win32\debug\portlotniczy.pdb
c:\users\mat\source\repos\portlotniczy\portlotniczy\generatedfiles\debug\moc_portlotniczy.cpp
c:\users\mat\source\repos\portlotniczy\portlotniczy\generatedfiles\qrc_portlotniczy.cpp
c:\users\mat\source\repos\portlotniczy\portlotniczy\generatedfiles\ui_portlotniczy.h
c:\users\mat\source\repos\portlotniczy\portlotniczy\debug\portlotniczy.tlog\cl.command.1.tlog
c:\users\mat\source\repos\portlotniczy\portlotniczy\debug\portlotniczy.tlog\cl.read.1.tlog
c:\users\mat\source\repos\portlotniczy\portlotniczy\debug\portlotniczy.tlog\cl.write.1.tlog
c:\users\mat\source\repos\portlotniczy\portlotniczy\debug\portlotniczy.tlog\link.command.1.tlog
c:\users\mat\source\repos\portlotniczy\portlotniczy\debug\portlotniczy.tlog\link.read.1.tlog
c:\users\mat\source\repos\portlotniczy\portlotniczy\debug\portlotniczy.tlog\link.write.1.tlog
c:\users\mat\source\repos\portlotniczy\portlotniczy\debug\portlotniczy.tlog\portlotniczy.write.1u.tlog
